Script began: Tue Mar 9 04:43:13 PST 2021
Node: hpc3-gpu-18-02
Current directory: /data/homezvol0/whtruong/EECS224-hw3

=== Running 5 trials of first_add ... ===
*** Trial 1 ***
N: 67108864
Timer: gettimeofday
Timer resolution: ~ 1 us (?)
Time to execute first add GPU reduction kernel: 0.000655 secs
Effective bandwidth: 409.83 GB/s
Time to execute naive CPU reduction: 0.598987 secs
SUCCESS: GPU: 335.557556  CPU: 335.557556
*** Trial 2 ***
N: 67108864
Timer: gettimeofday
Timer resolution: ~ 1 us (?)
Time to execute first add GPU reduction kernel: 0.000655 secs
Effective bandwidth: 409.83 GB/s
Time to execute naive CPU reduction: 0.577414 secs
SUCCESS: GPU: 335.554626  CPU: 335.554626
*** Trial 3 ***
N: 67108864
Timer: gettimeofday
Timer resolution: ~ 1 us (?)
Time to execute first add GPU reduction kernel: 0.000654 secs
Effective bandwidth: 410.45 GB/s
Time to execute naive CPU reduction: 0.57969 secs
SUCCESS: GPU: 335.540527  CPU: 335.540497
*** Trial 4 ***
N: 67108864
Timer: gettimeofday
Timer resolution: ~ 1 us (?)
Time to execute first add GPU reduction kernel: 0.000654 secs
Effective bandwidth: 410.45 GB/s
Time to execute naive CPU reduction: 0.578484 secs
SUCCESS: GPU: 335.539215  CPU: 335.539246
*** Trial 5 ***
N: 67108864
Timer: gettimeofday
Timer resolution: ~ 1 us (?)
Time to execute first add GPU reduction kernel: 0.000654 secs
Effective bandwidth: 410.45 GB/s
Time to execute naive CPU reduction: 0.576119 secs
SUCCESS: GPU: 335.561371  CPU: 335.561371

=== Done! ===
