Script began: Tue Mar 9 04:43:13 PST 2021
Node: hpc3-gpu-18-02
Current directory: /data/homezvol0/whtruong/EECS224-hw3

=== Running 5 trials of unroll ... ===
*** Trial 1 ***
N: 67108864
Timer: gettimeofday
Timer resolution: ~ 1 us (?)
Time to execute unrolled GPU reduction kernel: 0.000454 secs
Effective bandwidth: 591.27 GB/s
Time to execute naive CPU reduction: 0.598301 secs
SUCCESS: GPU: 335.557556  CPU: 335.557556
*** Trial 2 ***
N: 67108864
Timer: gettimeofday
Timer resolution: ~ 1 us (?)
Time to execute unrolled GPU reduction kernel: 0.000453 secs
Effective bandwidth: 592.57 GB/s
Time to execute naive CPU reduction: 0.577391 secs
SUCCESS: GPU: 335.554626  CPU: 335.554626
*** Trial 3 ***
N: 67108864
Timer: gettimeofday
Timer resolution: ~ 1 us (?)
Time to execute unrolled GPU reduction kernel: 0.000454 secs
Effective bandwidth: 591.27 GB/s
Time to execute naive CPU reduction: 0.5792 secs
SUCCESS: GPU: 335.540527  CPU: 335.540497
*** Trial 4 ***
N: 67108864
Timer: gettimeofday
Timer resolution: ~ 1 us (?)
Time to execute unrolled GPU reduction kernel: 0.000453 secs
Effective bandwidth: 592.57 GB/s
Time to execute naive CPU reduction: 0.577969 secs
SUCCESS: GPU: 335.539215  CPU: 335.539246
*** Trial 5 ***
N: 67108864
Timer: gettimeofday
Timer resolution: ~ 1 us (?)
Time to execute unrolled GPU reduction kernel: 0.000453 secs
Effective bandwidth: 592.57 GB/s
Time to execute naive CPU reduction: 0.576208 secs
SUCCESS: GPU: 335.561371  CPU: 335.561371

=== Done! ===
