Script began: Thu Mar 11 04:21:13 PST 2021
Node: hpc3-gpu-17-04
Current directory: /data/homezvol0/whtruong/EECS224-hw3

=== Running 5 trials of transpose ... ===
*** Trial 1 ***
2D allocation. Number of blocks: 32; number of threads: 32
Timer: gettimeofday
Timer resolution: ~ 1 us (?)
GPU transpose: 3.6e-05 secs ==> 29.1271 billion elements/second
Timer: gettimeofday
Timer resolution: ~ 1 us (?)
Time to execute CPU transpose kernel: 0.019058 secs
Transpose successful
*** Trial 2 ***
2D allocation. Number of blocks: 32; number of threads: 32
Timer: gettimeofday
Timer resolution: ~ 1 us (?)
GPU transpose: 3.6e-05 secs ==> 29.1271 billion elements/second
Timer: gettimeofday
Timer resolution: ~ 1 us (?)
Time to execute CPU transpose kernel: 0.019485 secs
Transpose successful
*** Trial 3 ***
2D allocation. Number of blocks: 32; number of threads: 32
Timer: gettimeofday
Timer resolution: ~ 1 us (?)
GPU transpose: 3.7e-05 secs ==> 28.3399 billion elements/second
Timer: gettimeofday
Timer resolution: ~ 1 us (?)
Time to execute CPU transpose kernel: 0.019317 secs
Transpose successful
*** Trial 4 ***
2D allocation. Number of blocks: 32; number of threads: 32
Timer: gettimeofday
Timer resolution: ~ 1 us (?)
GPU transpose: 3.7e-05 secs ==> 28.3399 billion elements/second
Timer: gettimeofday
Timer resolution: ~ 1 us (?)
Time to execute CPU transpose kernel: 0.0195 secs
Transpose successful
*** Trial 5 ***
2D allocation. Number of blocks: 32; number of threads: 32
Timer: gettimeofday
Timer resolution: ~ 1 us (?)
GPU transpose: 3.6e-05 secs ==> 29.1271 billion elements/second
Timer: gettimeofday
Timer resolution: ~ 1 us (?)
Time to execute CPU transpose kernel: 0.019367 secs
Transpose successful

=== Done! ===
