Script began: Thu Mar 11 04:06:25 PST 2021
Node: hpc3-gpu-17-04
Current directory: /data/homezvol0/whtruong/EECS224-hw3

=== Running 5 trials of transpose ... ===
*** Trial 1 ***
2D allocation. Number of blocks: 64; number of threads: 16
Timer: gettimeofday
Timer resolution: ~ 1 us (?)
GPU transpose: 4.3e-05 secs ==> 24.3855 billion elements/second
Timer: gettimeofday
Timer resolution: ~ 1 us (?)
Time to execute CPU transpose kernel: 0.020596 secs
Transpose successful
*** Trial 2 ***
2D allocation. Number of blocks: 64; number of threads: 16
Timer: gettimeofday
Timer resolution: ~ 1 us (?)
GPU transpose: 4.4e-05 secs ==> 23.8313 billion elements/second
Timer: gettimeofday
Timer resolution: ~ 1 us (?)
Time to execute CPU transpose kernel: 0.019178 secs
Transpose successful
*** Trial 3 ***
2D allocation. Number of blocks: 64; number of threads: 16
Timer: gettimeofday
Timer resolution: ~ 1 us (?)
GPU transpose: 4.4e-05 secs ==> 23.8313 billion elements/second
Timer: gettimeofday
Timer resolution: ~ 1 us (?)
Time to execute CPU transpose kernel: 0.019371 secs
Transpose successful
*** Trial 4 ***
2D allocation. Number of blocks: 64; number of threads: 16
Timer: gettimeofday
Timer resolution: ~ 1 us (?)
GPU transpose: 4.4e-05 secs ==> 23.8313 billion elements/second
Timer: gettimeofday
Timer resolution: ~ 1 us (?)
Time to execute CPU transpose kernel: 0.019527 secs
Transpose successful
*** Trial 5 ***
2D allocation. Number of blocks: 64; number of threads: 16
Timer: gettimeofday
Timer resolution: ~ 1 us (?)
GPU transpose: 4.4e-05 secs ==> 23.8313 billion elements/second
Timer: gettimeofday
Timer resolution: ~ 1 us (?)
Time to execute CPU transpose kernel: 0.019586 secs
Transpose successful

=== Done! ===
